#
# A fatal error has been detected by the Java Runtime Environment:
#
#  EXCEPTION_ACCESS_VIOLATION (0xc0000005) at pc=0x000000007148a9b2, pid=1208, tid=0x0000000000001344
#
# JRE version: OpenJDK Runtime Environment (8.0_152-b01) (build 1.8.0_152-release-1343-b01)
# Java VM: OpenJDK 64-Bit Server VM (25.152-b01 mixed mode windows-amd64 compressed oops)
# Problematic frame:
# V  [jvm.dll+0x8a9b2]
#
# Failed to write core dump. Minidumps are not enabled by default on client versions of Windows
#
# If you would like to submit a bug report, please visit:
#   http://bugreport.java.com/bugreport/crash.jsp
#

---------------  T H R E A D  ---------------

Current thread (0x000000000210e800):  GCTaskThread [stack: 0x00000000122f0000,0x00000000123f0000] [id=4932]

siginfo: ExceptionCode=0xc0000005, reading address 0x00000000000000e8

Registers:
RAX=0x0000000000000000, RBX=0x00000000f9f1f2d8, RCX=0x00000000564427e8, RDX=0x00000000f9f1f2d8
RSP=0x00000000123ef428, RBP=0x0000000011d92703, RSI=0x0000000056396a40, RDI=0x00000000ac4d2438
R8 =0x0000000000000000, R9 =0x00000000564427e8, R10=0x000000000000000c, R11=0x000000000000000c
R12=0x0000000011d9268f, R13=0x0000000000000035, R14=0x0000000000000000, R15=0x0000000002105dd0
RIP=0x000000007148a9b2, EFLAGS=0x0000000000010246

Top of Stack: (sp=0x00000000123ef428)
0x00000000123ef428:   00000000717cca32 00000000f9f1f2c0
0x00000000123ef438:   0000000056396a40 0000000056396a40
0x00000000123ef448:   00000000f4cbf6b8 00000000f1700d68
0x00000000123ef458:   0000000000001000 0000000056396a40
0x00000000123ef468:   00000000714ed903 0000000000000000
0x00000000123ef478:   0000000056396a00 0000000011d9268f
0x00000000123ef488:   00000000717ccda0 00000000f170645c
0x00000000123ef498:   0000000011d92703 0000000056396a40
0x00000000123ef4a8:   00000000ac4d2438 00000000f170645c
0x00000000123ef4b8:   00000000717cd945 00000000f9c74310
0x00000000123ef4c8:   0000000011d92703 0000000056396a40
0x00000000123ef4d8:   000007fefdb51203 00000000123ef598
0x00000000123ef4e8:   00000000714c6e7a 00000000a369fcb4
0x00000000123ef4f8:   00000000714ef747 0000000056396a40
0x00000000123ef508:   00000000714ed903 00000000ac4d00cd
0x00000000123ef518:   00000000ac4d00cd 00000000ac4d2330 

Instructions: (pc=0x000000007148a9b2)
0x000000007148a992:   e2 49 8d 0c 11 49 f7 d1 48 03 c1 49 c1 e9 03 48
0x000000007148a9a2:   c1 e8 03 41 23 c1 c3 48 8b 02 48 8b d1 49 8b c9
0x000000007148a9b2:   48 ff a0 e8 00 00 00 cc cc cc cc cc cc cc 80 3d
0x000000007148a9c2:   3a 10 73 00 00 48 8b c1 74 1b 8b 51 08 8b 0d 83 


Register to memory mapping:

RAX=0x0000000000000000 is an unknown value
RBX=0x00000000f9f1f2d8 is an oop

[error occurred during error reporting (printing register info), id 0xc0000005]

Stack: [0x00000000122f0000,0x00000000123f0000],  sp=0x00000000123ef428,  free space=1021k
Native frames: (J=compiled Java code, j=interpreted, Vv=VM code, C=native code)
V  [jvm.dll+0x8a9b2]


---------------  P R O C E S S  ---------------

Java Threads: ( => current thread )
  0x000000005a394000 JavaThread "Cache worker for execution history cache (D:\Hari\18June\DemoEfficacious\DemoEfficacious\.gradle\5.1.1\executionHistory)" [_thread_blocked, id=6096, stack(0x0000000065860000,0x0000000065960000)]
  0x000000005a389000 JavaThread "Execution worker for ':' Thread 3" [_thread_blocked, id=2588, stack(0x0000000065160000,0x0000000065260000)]
  0x000000005a394800 JavaThread "Execution worker for ':' Thread 2" [_thread_blocked, id=5972, stack(0x0000000064f20000,0x0000000065020000)]
  0x000000005a391000 JavaThread "Execution worker for ':'" [_thread_blocked, id=4516, stack(0x00000000628c0000,0x00000000629c0000)]
  0x000000005a38c000 JavaThread "Cache worker for file content cache (D:\Hari\18June\DemoEfficacious\DemoEfficacious\.gradle\5.1.1\fileContent)" [_thread_blocked, id=4628, stack(0x0000000064dc0000,0x0000000064ec0000)]
  0x000000005a392800 JavaThread "Cache worker for Build Output Cleanup Cache (D:\Hari\18June\DemoEfficacious\DemoEfficacious\.gradle\buildOutputCleanup)" [_thread_blocked, id=4540, stack(0x0000000064790000,0x0000000064890000)]
  0x000000005a390000 JavaThread "Build operations Thread 4" [_thread_blocked, id=3028, stack(0x0000000064380000,0x0000000064480000)]
  0x000000005a38d800 JavaThread "Build operations Thread 3" [_thread_blocked, id=6000, stack(0x0000000062b70000,0x0000000062c70000)]
  0x000000005d0bc000 JavaThread "Build operations Thread 2" [_thread_blocked, id=6004, stack(0x00000000609d0000,0x0000000060ad0000)]
  0x000000005d0ba000 JavaThread "Build operations" [_thread_blocked, id=2708, stack(0x00000000627b0000,0x00000000628b0000)]
  0x000000005d0b9000 JavaThread "Cache worker for cache directory md-rule (C:\Users\EIL-04\.gradle\caches\5.1.1\md-rule)" [_thread_blocked, id=1464, stack(0x0000000060620000,0x0000000060720000)]
  0x000000005dd45000 JavaThread "Cache worker for cache directory md-supplier (C:\Users\EIL-04\.gradle\caches\5.1.1\md-supplier)" [_thread_blocked, id=3556, stack(0x000000005be80000,0x000000005bf80000)]
  0x000000005dd3f000 JavaThread "Cache worker for file hash cache (D:\Hari\18June\DemoEfficacious\DemoEfficacious\.gradle\5.1.1\fileHashes)" [_thread_blocked, id=4888, stack(0x00000000613f0000,0x00000000614f0000)]
  0x000000005dd42000 JavaThread "Thread-76" [_thread_blocked, id=5944, stack(0x00000000608c0000,0x00000000609c0000)]
  0x000000005dd44800 JavaThread "Stdin handler" [_thread_blocked, id=1740, stack(0x0000000060750000,0x0000000060850000)]
  0x000000005dd43800 JavaThread "Asynchronous log dispatcher for DefaultDaemonConnection: socket connection from /127.0.0.1:49242 to /127.0.0.1:49708" [_thread_blocked, id=2624, stack(0x000000005c2b0000,0x000000005c3b0000)]
  0x000000005dd43000 JavaThread "Daemon worker Thread 4" [_thread_blocked, id=5996, stack(0x000000005da80000,0x000000005db80000)]
  0x000000005dd40000 JavaThread "Cancel handler" [_thread_blocked, id=5172, stack(0x000000005b610000,0x000000005b710000)]
  0x000000005dd41800 JavaThread "Handler for socket connection from /127.0.0.1:49242 to /127.0.0.1:49708" [_thread_in_native, id=5528, stack(0x000000005bab0000,0x000000005bbb0000)]
  0x000000005dd46000 JavaThread "Daemon Thread 4" [_thread_blocked, id=5436, stack(0x000000005b740000,0x000000005b840000)]
  0x000000005d0bd800 JavaThread "Cache worker for Java compile cache (C:\Users\EIL-04\.gradle\caches\5.1.1\javaCompile)" [_thread_blocked, id=4228, stack(0x0000000061220000,0x0000000061320000)]
  0x000000005a397000 JavaThread "Cache worker for file content cache (C:\Users\EIL-04\.gradle\caches\5.1.1\fileContent)" [_thread_blocked, id=4416, stack(0x00000000641d0000,0x00000000642d0000)]
  0x000000005a395800 JavaThread "Memory manager" [_thread_blocked, id=1068, stack(0x0000000062a00000,0x0000000062b00000)]
  0x000000005a38f800 JavaThread "Cache worker for execution history cache (C:\Users\EIL-04\.gradle\caches\5.1.1\executionHistory)" [_thread_blocked, id=2208, stack(0x0000000060b00000,0x0000000060c00000)]
  0x000000005a388800 JavaThread "Cache worker for journal cache (C:\Users\EIL-04\.gradle\caches\journal-1)" [_thread_blocked, id=2460, stack(0x000000005c480000,0x000000005c580000)]
  0x000000005a387800 JavaThread "File lock request listener" [_thread_in_native, id=3432, stack(0x000000005c580000,0x000000005c680000)]
  0x000000005a386800 JavaThread "Cache worker for file hash cache (C:\Users\EIL-04\.gradle\caches\5.1.1\fileHashes)" [_thread_blocked, id=4620, stack(0x000000005bf80000,0x000000005c080000)]
  0x000000005992f000 JavaThread "Daemon periodic checks" [_thread_blocked, id=1544, stack(0x000000005b490000,0x000000005b590000)]
  0x0000000059bf7800 JavaThread "Incoming local TCP Connector on port 49242" [_thread_in_native, id=4920, stack(0x0000000059050000,0x0000000059150000)]
  0x0000000057cd3800 JavaThread "Service Thread" daemon [_thread_blocked, id=1296, stack(0x0000000058550000,0x0000000058650000)]
  0x0000000057c56800 JavaThread "C1 CompilerThread2" daemon [_thread_blocked, id=2440, stack(0x00000000582d0000,0x00000000583d0000)]
  0x0000000056405000 JavaThread "C2 CompilerThread1" daemon [_thread_blocked, id=4988, stack(0x0000000058110000,0x0000000058210000)]
  0x00000000563fe000 JavaThread "C2 CompilerThread0" daemon [_thread_blocked, id=232, stack(0x0000000057b50000,0x0000000057c50000)]
  0x000000005640c000 JavaThread "Attach Listener" daemon [_thread_blocked, id=2444, stack(0x00000000574c0000,0x00000000575c0000)]
  0x000000005640a800 JavaThread "Signal Dispatcher" daemon [_thread_blocked, id=5040, stack(0x0000000057960000,0x0000000057a60000)]
  0x00000000563e8800 JavaThread "Finalizer" daemon [_thread_blocked, id=5060, stack(0x0000000057720000,0x0000000057820000)]
  0x00000000563a1000 JavaThread "Reference Handler" daemon [_thread_blocked, id=4868, stack(0x00000000575f0000,0x00000000576f0000)]
  0x000000000223e800 JavaThread "main" [_thread_blocked, id=648, stack(0x00000000025a0000,0x00000000026a0000)]

Other Threads:
  0x0000000056399800 VMThread [stack: 0x0000000057380000,0x0000000057480000] [id=1356]
  0x0000000057cd4000 WatcherThread [stack: 0x0000000058720000,0x0000000058820000] [id=300]

=>0x000000000210e800 (exited) GCTaskThread [stack: 0x00000000122f0000,0x00000000123f0000] [id=4932]

VM state:at safepoint (normal execution)

VM Mutex/Monitor currently owned by a thread:  ([mutex/lock_event])
[0x000000000223cb10] Threads_lock - owner thread: 0x0000000056399800
[0x000000000223d010] Heap_lock - owner thread: 0x000000005a388800

Heap:
 PSYoungGen      total 390144K, used 342325K [0x00000000e0000000, 0x0000000100000000, 0x0000000100000000)
  eden space 263168K, 100% used [0x00000000e0000000,0x00000000f0100000,0x00000000f0100000)
  from space 126976K, 62% used [0x00000000f8400000,0x00000000fd14d7b0,0x0000000100000000)
  to   space 130560K, 53% used [0x00000000f0100000,0x00000000f45933d0,0x00000000f8080000)
 ParOldGen       total 399360K, used 280866K [0x00000000a0000000, 0x00000000b8600000, 0x00000000e0000000)
  object space 399360K, 70% used [0x00000000a0000000,0x00000000b1248908,0x00000000b8600000)
 Metaspace       used 96160K, capacity 100538K, committed 100736K, reserved 1136640K
  class space    used 11982K, capacity 12883K, committed 12928K, reserved 1048576K

Card table byte_map: [0x0000000011d30000,0x0000000012040000] byte_map_base: 0x0000000011830000

Marking Bits: (ParMarkBitMap*) 0x0000000071bc5aa0
 Begin Bits: [0x0000000012710000, 0x0000000013f10000)
 End Bits:   [0x0000000013f10000, 0x0000000015710000)

Polling page: 0x0000000000230000

CodeCache: size=245760Kb used=69147Kb max_used=69508Kb free=176612Kb
 bounds [0x0000000002970000, 0x0000000006db0000, 0x0000000011970000]
 total_blobs=20556 nmethods=19673 adapters=794
 compilation: enabled

Compilation events (10 events):
Event: 1943.359 Thread 0x0000000057c56800 nmethod 25837 0x00000000069af6d0 code [0x00000000069af920, 0x00000000069b04a8]
Event: 1943.359 Thread 0x0000000057c56800 25838       3       org.gradle.internal.resources.DefaultResourceLockCoordinationService::lock (10 bytes)
Event: 1943.359 Thread 0x0000000057c56800 nmethod 25838 0x00000000069af210 code [0x00000000069af380, 0x00000000069af5d0]
Event: 1943.359 Thread 0x0000000057c56800 25839       3       org.gradle.internal.resources.DefaultResourceLockCoordinationService$AcquireLocks::<init> (15 bytes)
Event: 1943.359 Thread 0x0000000057c56800 nmethod 25839 0x00000000069aee50 code [0x00000000069aefa0, 0x00000000069af170]
Event: 1943.361 Thread 0x0000000056405000 25840  s!   4       java.lang.ClassLoader::initSystemClassLoader (109 bytes)
Event: 1943.363 Thread 0x0000000056405000 nmethod 25840 0x00000000069abbd0 code [0x00000000069abd20, 0x00000000069abf58]
Event: 1943.368 Thread 0x0000000056405000 25841       4       org.gradle.internal.execution.history.changes.SortedMapDiffUtil::diff (360 bytes)
Event: 1943.373 Thread 0x0000000057c56800 25842       3       java.util.concurrent.ConcurrentLinkedQueue::poll (85 bytes)
Event: 1943.373 Thread 0x0000000057c56800 nmethod 25842 0x00000000069adfd0 code [0x00000000069ae1a0, 0x00000000069aeaf0]

GC Heap History (10 events):
Event: 121.670 GC heap after
Heap after GC invocations=50 (full 4):
 PSYoungGen      total 355328K, used 66546K [0x00000000e0000000, 0x0000000100000000, 0x0000000100000000)
  eden space 288768K, 0% used [0x00000000e0000000,0x00000000e0000000,0x00000000f1a00000)
  from space 66560K, 99% used [0x00000000fbf00000,0x00000000ffffca90,0x0000000100000000)
  to   space 117760K, 0% used [0x00000000f1a00000,0x00000000f1a00000,0x00000000f8d00000)
 ParOldGen       total 399360K, used 280834K [0x00000000a0000000, 0x00000000b8600000, 0x00000000e0000000)
  object space 399360K, 70% used [0x00000000a0000000,0x00000000b1240908,0x00000000b8600000)
 Metaspace       used 82509K, capacity 86038K, committed 88064K, reserved 1126400K
  class space    used 10663K, capacity 11425K, committed 11776K, reserved 1048576K
}
Event: 326.873 GC heap before
{Heap before GC invocations=51 (full 4):
 PSYoungGen      total 355328K, used 355295K [0x00000000e0000000, 0x0000000100000000, 0x0000000100000000)
  eden space 288768K, 99% used [0x00000000e0000000,0x00000000f19fb3f8,0x00000000f1a00000)
  from space 66560K, 99% used [0x00000000fbf00000,0x00000000ffffca90,0x0000000100000000)
  to   space 117760K, 0% used [0x00000000f1a00000,0x00000000f1a00000,0x00000000f8d00000)
 ParOldGen       total 399360K, used 280834K [0x00000000a0000000, 0x00000000b8600000, 0x00000000e0000000)
  object space 399360K, 70% used [0x00000000a0000000,0x00000000b1240908,0x00000000b8600000)
 Metaspace       used 92109K, capacity 96080K, committed 96384K, reserved 1132544K
  class space    used 11755K, capacity 12602K, committed 12672K, reserved 1048576K
Event: 327.147 GC heap after
Heap after GC invocations=51 (full 4):
 PSYoungGen      total 363008K, used 73788K [0x00000000e0000000, 0x0000000100000000, 0x0000000100000000)
  eden space 288768K, 0% used [0x00000000e0000000,0x00000000e0000000,0x00000000f1a00000)
  from space 74240K, 99% used [0x00000000f1a00000,0x00000000f620f050,0x00000000f6280000)
  to   space 122880K, 0% used [0x00000000f8800000,0x00000000f8800000,0x0000000100000000)
 ParOldGen       total 399360K, used 280842K [0x00000000a0000000, 0x00000000b8600000, 0x00000000e0000000)
  object space 399360K, 70% used [0x00000000a0000000,0x00000000b1242908,0x00000000b8600000)
 Metaspace       used 92109K, capacity 96080K, committed 96384K, reserved 1132544K
  class space    used 11755K, capacity 12602K, committed 12672K, reserved 1048576K
}
Event: 332.981 GC heap before
{Heap before GC invocations=52 (full 4):
 PSYoungGen      total 363008K, used 362556K [0x00000000e0000000, 0x0000000100000000, 0x0000000100000000)
  eden space 288768K, 100% used [0x00000000e0000000,0x00000000f1a00000,0x00000000f1a00000)
  from space 74240K, 99% used [0x00000000f1a00000,0x00000000f620f050,0x00000000f6280000)
  to   space 122880K, 0% used [0x00000000f8800000,0x00000000f8800000,0x0000000100000000)
 ParOldGen       total 399360K, used 280842K [0x00000000a0000000, 0x00000000b8600000, 0x00000000e0000000)
  object space 399360K, 70% used [0x00000000a0000000,0x00000000b1242908,0x00000000b8600000)
 Metaspace       used 94590K, capacity 98710K, committed 98816K, reserved 1134592K
  class space    used 11892K, capacity 12747K, committed 12800K, reserved 1048576K
Event: 333.152 GC heap after
Heap after GC invocations=52 (full 4):
 PSYoungGen      total 395264K, used 70776K [0x00000000e0000000, 0x0000000100000000, 0x0000000100000000)
  eden space 272384K, 0% used [0x00000000e0000000,0x00000000e0000000,0x00000000f0a00000)
  from space 122880K, 57% used [0x00000000f8800000,0x00000000fcd1e208,0x0000000100000000)
  to   space 125952K, 0% used [0x00000000f0a00000,0x00000000f0a00000,0x00000000f8500000)
 ParOldGen       total 399360K, used 280842K [0x00000000a0000000, 0x00000000b8600000, 0x00000000e0000000)
  object space 399360K, 70% used [0x00000000a0000000,0x00000000b1242908,0x00000000b8600000)
 Metaspace       used 94590K, capacity 98710K, committed 98816K, reserved 1134592K
  class space    used 11892K, capacity 12747K, committed 12800K, reserved 1048576K
}
Event: 915.473 GC heap before
{Heap before GC invocations=53 (full 4):
 PSYoungGen      total 395264K, used 343160K [0x00000000e0000000, 0x0000000100000000, 0x0000000100000000)
  eden space 272384K, 100% used [0x00000000e0000000,0x00000000f0a00000,0x00000000f0a00000)
  from space 122880K, 57% used [0x00000000f8800000,0x00000000fcd1e208,0x0000000100000000)
  to   space 125952K, 0% used [0x00000000f0a00000,0x00000000f0a00000,0x00000000f8500000)
 ParOldGen       total 399360K, used 280842K [0x00000000a0000000, 0x00000000b8600000, 0x00000000e0000000)
  object space 399360K, 70% used [0x00000000a0000000,0x00000000b1242908,0x00000000b8600000)
 Metaspace       used 95463K, capacity 99632K, committed 99968K, reserved 1136640K
  class space    used 11949K, capacity 12824K, committed 12928K, reserved 1048576K
Event: 915.631 GC heap after
Heap after GC invocations=53 (full 4):
 PSYoungGen      total 341504K, used 68913K [0x00000000e0000000, 0x0000000100000000, 0x0000000100000000)
  eden space 272384K, 0% used [0x00000000e0000000,0x00000000e0000000,0x00000000f0a00000)
  from space 69120K, 99% used [0x00000000f0a00000,0x00000000f4d4c440,0x00000000f4d80000)
  to   space 126976K, 0% used [0x00000000f8400000,0x00000000f8400000,0x0000000100000000)
 ParOldGen       total 399360K, used 280850K [0x00000000a0000000, 0x00000000b8600000, 0x00000000e0000000)
  object space 399360K, 70% used [0x00000000a0000000,0x00000000b1244908,0x00000000b8600000)
 Metaspace       used 95463K, capacity 99632K, committed 99968K, reserved 1136640K
  class space    used 11949K, capacity 12824K, committed 12928K, reserved 1048576K
}
Event: 918.636 GC heap before
{Heap before GC invocations=54 (full 4):
 PSYoungGen      total 341504K, used 341297K [0x00000000e0000000, 0x0000000100000000, 0x0000000100000000)
  eden space 272384K, 100% used [0x00000000e0000000,0x00000000f0a00000,0x00000000f0a00000)
  from space 69120K, 99% used [0x00000000f0a00000,0x00000000f4d4c440,0x00000000f4d80000)
  to   space 126976K, 0% used [0x00000000f8400000,0x00000000f8400000,0x0000000100000000)
 ParOldGen       total 399360K, used 280850K [0x00000000a0000000, 0x00000000b8600000, 0x00000000e0000000)
  object space 399360K, 70% used [0x00000000a0000000,0x00000000b1244908,0x00000000b8600000)
 Metaspace       used 95578K, capacity 99696K, committed 99968K, reserved 1136640K
  class space    used 11949K, capacity 12824K, committed 12928K, reserved 1048576K
Event: 918.749 GC heap after
Heap after GC invocations=54 (full 4):
 PSYoungGen      total 390144K, used 79157K [0x00000000e0000000, 0x0000000100000000, 0x0000000100000000)
  eden space 263168K, 0% used [0x00000000e0000000,0x00000000e0000000,0x00000000f0100000)
  from space 126976K, 62% used [0x00000000f8400000,0x00000000fd14d7b0,0x0000000100000000)
  to   space 130560K, 0% used [0x00000000f0100000,0x00000000f0100000,0x00000000f8080000)
 ParOldGen       total 399360K, used 280858K [0x00000000a0000000, 0x00000000b8600000, 0x00000000e0000000)
  object space 399360K, 70% used [0x00000000a0000000,0x00000000b1246908,0x00000000b8600000)
 Metaspace       used 95578K, capacity 99696K, committed 99968K, reserved 1136640K
  class space    used 11949K, capacity 12824K, committed 12928K, reserved 1048576K
}
Event: 1943.378 GC heap before
{Heap before GC invocations=55 (full 4):
 PSYoungGen      total 390144K, used 342325K [0x00000000e0000000, 0x0000000100000000, 0x0000000100000000)
  eden space 263168K, 100% used [0x00000000e0000000,0x00000000f0100000,0x00000000f0100000)
  from space 126976K, 62% used [0x00000000f8400000,0x00000000fd14d7b0,0x0000000100000000)
  to   space 130560K, 0% used [0x00000000f0100000,0x00000000f0100000,0x00000000f8080000)
 ParOldGen       total 399360K, used 280858K [0x00000000a0000000, 0x00000000b8600000, 0x00000000e0000000)
  object space 399360K, 70% used [0x00000000a0000000,0x00000000b1246908,0x00000000b8600000)
 Metaspace       used 96160K, capacity 100538K, committed 100736K, reserved 1136640K
  class space    used 11982K, capacity 12883K, committed 12928K, reserved 1048576K

Deoptimization events (10 events):
Event: 917.726 Thread 0x000000005a38e800 Uncommon trap: reason=class_check action=maybe_recompile pc=0x0000000006686374 method=com.sun.tools.javac.jvm.Pool.makePoolValue(Ljava/lang/Object;)Ljava/lang/Object; @ 81
Event: 918.810 Thread 0x000000005a394000 Uncommon trap: reason=class_check action=maybe_recompile pc=0x0000000004311664 method=org.gradle.internal.fingerprint.impl.AbsolutePathFingerprintingStrategy$1.visit(Lorg/gradle/internal/snapshot/FileSystemLocationSnapshot;)V @ 24
Event: 920.054 Thread 0x000000005a394000 Uncommon trap: reason=class_check action=maybe_recompile pc=0x00000000050be118 method=java.util.stream.MatchOps$MatchOp.evaluateSequential(Ljava/util/stream/PipelineHelper;Ljava/util/Spliterator;)Ljava/lang/Boolean; @ 14
Event: 920.080 Thread 0x000000005fdaa000 Uncommon trap: reason=class_check action=maybe_recompile pc=0x0000000004add314 method=java.io.SequenceInputStream.read([BII)I @ 58
Event: 920.082 Thread 0x000000005fdaa000 Uncommon trap: reason=unstable_if action=reinterpret pc=0x000000000411d234 method=java.lang.StringCoding$StringDecoder.decode([BII)[C @ 33
Event: 920.320 Thread 0x000000005dd3f000 Uncommon trap: reason=class_check action=maybe_recompile pc=0x0000000004279ea0 method=java.util.concurrent.FutureTask.run()V @ 42
Event: 1942.370 Thread 0x000000005dd41800 Uncommon trap: reason=class_check action=maybe_recompile pc=0x0000000003362698 method=java.lang.reflect.Array.newInstance(Ljava/lang/Class;I)Ljava/lang/Object; @ 2
Event: 1943.109 Thread 0x000000005a390000 Uncommon trap: reason=unstable_if action=reinterpret pc=0x0000000006c95e78 method=java.util.concurrent.ConcurrentLinkedQueue.updateHead(Ljava/util/concurrent/ConcurrentLinkedQueue$Node;Ljava/util/concurrent/ConcurrentLinkedQueue$Node;)V @ 11
Event: 1943.368 Thread 0x000000005d0ba000 Uncommon trap: reason=unstable_if action=reinterpret pc=0x00000000036c5764 method=java.util.concurrent.ConcurrentLinkedQueue.poll()Ljava/lang/Object; @ 25
Event: 1943.368 Thread 0x000000005d0ba000 Uncommon trap: reason=unstable_if action=reinterpret pc=0x0000000005865310 method=java.util.concurrent.ConcurrentLinkedQueue.updateHead(Ljava/util/concurrent/ConcurrentLinkedQueue$Node;Ljava/util/concurrent/ConcurrentLinkedQueue$Node;)V @ 11

Classes redefined (0 events):
No events

Internal exceptions (10 events):
Event: 916.714 Thread 0x000000005a38e800 Implicit null exception at 0x0000000006a7c882 to 0x0000000006a7c8de
Event: 919.510 Thread 0x000000005fdaa000 Exception <a 'sun/nio/fs/WindowsException'> (0x00000000e394f8c8) thrown at [D:\src\AOSP-openjdk-cygwin\jdk8u\hotspot\src\share\vm\prims\jni.cpp, line 709]
Event: 919.728 Thread 0x000000005fdaa000 Exception <a 'sun/nio/fs/WindowsException'> (0x00000000e867aba8) thrown at [D:\src\AOSP-openjdk-cygwin\jdk8u\hotspot\src\share\vm\prims\jni.cpp, line 709]
Event: 919.953 Thread 0x000000005d0ba800 Exception <a 'sun/nio/fs/WindowsException'> (0x00000000e9d4b930) thrown at [D:\src\AOSP-openjdk-cygwin\jdk8u\hotspot\src\share\vm\prims\jni.cpp, line 709]
Event: 920.018 Thread 0x000000005fda6800 Exception <a 'sun/nio/fs/WindowsException'> (0x00000000eaa9db20) thrown at [D:\src\AOSP-openjdk-cygwin\jdk8u\hotspot\src\share\vm\prims\jni.cpp, line 709]
Event: 1942.531 Thread 0x000000005dd43000 Exception <a 'sun/nio/fs/WindowsException'> (0x00000000ed18c3b8) thrown at [D:\src\AOSP-openjdk-cygwin\jdk8u\hotspot\src\share\vm\prims\jni.cpp, line 709]
Event: 1942.858 Thread 0x000000005dd43000 Exception <a 'java/lang/reflect/InvocationTargetException'> (0x00000000ed70fc88) thrown at [D:\src\AOSP-openjdk-cygwin\jdk8u\hotspot\src\share\vm\runtime\reflection.cpp, line 1092]
Event: 1942.859 Thread 0x000000005dd43000 Exception <a 'java/lang/reflect/InvocationTargetException'> (0x00000000ed712608) thrown at [D:\src\AOSP-openjdk-cygwin\jdk8u\hotspot\src\share\vm\runtime\reflection.cpp, line 1092]
Event: 1942.859 Thread 0x000000005dd43000 Exception <a 'java/lang/reflect/InvocationTargetException'> (0x00000000ed714f78) thrown at [D:\src\AOSP-openjdk-cygwin\jdk8u\hotspot\src\share\vm\runtime\reflection.cpp, line 1092]
Event: 1942.871 Thread 0x000000005dd43000 Exception <a 'sun/nio/fs/WindowsException'> (0x00000000ed7c4830) thrown at [D:\src\AOSP-openjdk-cygwin\jdk8u\hotspot\src\share\vm\prims\jni.cpp, line 709]

Events (10 events):
Event: 1943.109 Thread 0x000000005a390000 Uncommon trap: trap_request=0xffffff65 fr.pc=0x0000000006c95e78
Event: 1943.109 Thread 0x000000005a390000 DEOPT PACKING pc=0x0000000006c95e78 sp=0x000000006447dfe0
Event: 1943.109 Thread 0x000000005a390000 DEOPT UNPACKING pc=0x00000000029b557b sp=0x000000006447deb0 mode 2
Event: 1943.368 Thread 0x000000005d0ba000 Uncommon trap: trap_request=0xffffff65 fr.pc=0x00000000036c5764
Event: 1943.368 Thread 0x000000005d0ba000 DEOPT PACKING pc=0x00000000036c5764 sp=0x00000000628ae6a0
Event: 1943.368 Thread 0x000000005d0ba000 DEOPT UNPACKING pc=0x00000000029b557b sp=0x00000000628ae640 mode 2
Event: 1943.368 Thread 0x000000005d0ba000 Uncommon trap: trap_request=0xffffff65 fr.pc=0x0000000005865310
Event: 1943.368 Thread 0x000000005d0ba000 DEOPT PACKING pc=0x0000000005865310 sp=0x00000000628ae620
Event: 1943.368 Thread 0x000000005d0ba000 DEOPT UNPACKING pc=0x00000000029b557b sp=0x00000000628ae5c8 mode 2
Event: 1943.378 Executing VM operation: ParallelGCFailedAllocation


Dynamic libraries:
0x000000013f0d0000 - 0x000000013f101000 	C:\Program Files\Android\Android Studio\jre\bin\java.exe
0x0000000077a60000 - 0x0000000077bff000 	C:\Windows\SYSTEM32\ntdll.dll
0x0000000077940000 - 0x0000000077a5f000 	C:\Windows\system32\kernel32.dll
0x000007fefdb50000 - 0x000007fefdbba000 	C:\Windows\system32\KERNELBASE.dll
0x000007fefe270000 - 0x000007fefe34b000 	C:\Windows\system32\ADVAPI32.dll
0x000007fefe120000 - 0x000007fefe1bf000 	C:\Windows\system32\msvcrt.dll
0x000007fefe100000 - 0x000007fefe11f000 	C:\Windows\SYSTEM32\sechost.dll
0x000007feff750000 - 0x000007feff87c000 	C:\Windows\system32\RPCRT4.dll
0x0000000077840000 - 0x000000007793a000 	C:\Windows\system32\USER32.dll
0x000007fefe090000 - 0x000007fefe0f7000 	C:\Windows\system32\GDI32.dll
0x000007feff880000 - 0x000007feff88e000 	C:\Windows\system32\LPK.dll
0x000007fefe3e0000 - 0x000007fefe4ab000 	C:\Windows\system32\USP10.dll
0x000007fefb580000 - 0x000007fefb775000 	C:\Windows\WinSxS\amd64_microsoft.windows.common-controls_6595b64144ccf1df_6.0.7601.24380_none_e3731d0b30fb6b11\COMCTL32.dll
0x000007fefe360000 - 0x000007fefe3d1000 	C:\Windows\system32\SHLWAPI.dll
0x000007feffa20000 - 0x000007feffa4e000 	C:\Windows\system32\IMM32.DLL
0x000007feff910000 - 0x000007feffa19000 	C:\Windows\system32\MSCTF.dll
0x000000006e8c0000 - 0x000000006e992000 	C:\Program Files\Android\Android Studio\jre\jre\bin\msvcr100.dll
0x0000000071400000 - 0x0000000071c41000 	C:\Program Files\Android\Android Studio\jre\jre\bin\server\jvm.dll
0x000007fef6680000 - 0x000007fef6689000 	C:\Windows\system32\WSOCK32.dll
0x000007fefe1c0000 - 0x000007fefe20d000 	C:\Windows\system32\WS2_32.dll
0x000007fefe350000 - 0x000007fefe358000 	C:\Windows\system32\NSI.dll
0x000007fef9d50000 - 0x000007fef9d8b000 	C:\Windows\system32\WINMM.dll
0x000007fefc8b0000 - 0x000007fefc8bc000 	C:\Windows\system32\VERSION.dll
0x0000000077c10000 - 0x0000000077c17000 	C:\Windows\system32\PSAPI.DLL
0x000007fef6670000 - 0x000007fef667f000 	C:\Program Files\Android\Android Studio\jre\jre\bin\verify.dll
0x000007fef18a0000 - 0x000007fef18c9000 	C:\Program Files\Android\Android Studio\jre\jre\bin\java.dll
0x000007fef6650000 - 0x000007fef6666000 	C:\Program Files\Android\Android Studio\jre\jre\bin\zip.dll
0x000007fefe590000 - 0x000007feff31b000 	C:\Windows\system32\SHELL32.dll
0x000007feff320000 - 0x000007feff51f000 	C:\Windows\system32\ole32.dll
0x000007fefd810000 - 0x000007fefd81f000 	C:\Windows\system32\profapi.dll
0x000007fef18e0000 - 0x000007fef18fa000 	C:\Program Files\Android\Android Studio\jre\jre\bin\net.dll
0x000007fefcf40000 - 0x000007fefcf95000 	C:\Windows\system32\mswsock.dll
0x000007fefcf30000 - 0x000007fefcf37000 	C:\Windows\System32\wship6.dll
0x000007fef1880000 - 0x000007fef1891000 	C:\Program Files\Android\Android Studio\jre\jre\bin\nio.dll
0x000007feef050000 - 0x000007feef06e000 	C:\Users\EIL-04\.gradle\native\25\windows-amd64\native-platform.dll
0x000007fef18d0000 - 0x000007fef18dd000 	C:\Program Files\Android\Android Studio\jre\jre\bin\management.dll
0x000007fefcfa0000 - 0x000007fefcfb8000 	C:\Windows\system32\CRYPTSP.dll
0x000007fefcca0000 - 0x000007fefcce7000 	C:\Windows\system32\rsaenh.dll
0x000007fefd870000 - 0x000007fefd88e000 	C:\Windows\system32\USERENV.dll
0x000007fefd660000 - 0x000007fefd66f000 	C:\Windows\system32\CRYPTBASE.dll
0x000007fefc880000 - 0x000007fefc8a7000 	C:\Windows\system32\IPHLPAPI.DLL
0x000007fefc870000 - 0x000007fefc87b000 	C:\Windows\system32\WINNSI.DLL
0x000007fefa800000 - 0x000007fefa811000 	C:\Windows\system32\dhcpcsvc6.DLL
0x000007fefc720000 - 0x000007fefc738000 	C:\Windows\system32\dhcpcsvc.DLL
0x000007fefd600000 - 0x000007fefd657000 	C:\Windows\system32\apphelp.dll
0x000007fef70e0000 - 0x000007fef7205000 	C:\Windows\system32\dbghelp.dll

VM Arguments:
jvm_args: -Xmx1536m -Dfile.encoding=windows-1252 -Duser.country=IN -Duser.language=en -Duser.variant 
java_command: org.gradle.launcher.daemon.bootstrap.GradleDaemon 5.1.1
java_class_path (initial): C:\Users\EIL-04\.gradle\wrapper\dists\gradle-5.1.1-all\97z1ksx6lirer3kbvdnh7jtjg\gradle-5.1.1\lib\gradle-launcher-5.1.1.jar
Launcher Type: SUN_STANDARD

Environment Variables:
PATH=C:\Windows\system32;C:\Windows;C:\Windows\System32\Wbem;C:\Windows\System32\WindowsPowerShell\v1.0\;C:\Users\EIL-04\.dnx\bin;C:\Program Files\Microsoft DNX\Dnvm\;C:\Program Files\Microsoft SQL Server\130\Tools\Binn\;c:\Program Files\Microsoft SQL Server\110\Tools\Binn\;c:\Program Files (x86)\Microsoft SQL Server\110\Tools\Binn\ManagementStudio\;c:\Program Files (x86)\Microsoft SQL Server\110\Tools\Binn\;c:\Program Files (x86)\Microsoft SQL Server\110\DTS\Binn\;C:\adb
USERNAME=EIL-04
OS=Windows_NT
PROCESSOR_IDENTIFIER=Intel64 Family 6 Model 42 Stepping 7, GenuineIntel



---------------  S Y S T E M  ---------------

OS: Windows 7 , 64 bit Build 7601 (6.1.7601.24408)

CPU:total 4 (initial active 4) (2 cores per cpu, 2 threads per core) family 6 model 42 stepping 7, cmov, cx8, fxsr, mmx, sse, sse2, sse3, ssse3, sse4.1, sse4.2, popcnt, avx, clmul, ht, tsc, tscinvbit

Memory: 4k page, physical 8274984k(2745344k free), swap 16548068k(10830916k free)

vm_info: OpenJDK 64-Bit Server VM (25.152-b01) for windows-amd64 JRE (1.8.0_152-release-1343-b01), built by "builder" with MS VC++ 10.0 (VS2010)

time: Wed Jun 19 11:06:53 2019
elapsed time: 1943 seconds (0d 0h 32m 23s)

